<?xml version="1.0" encoding="UTF-8"?>
<beans xmlns="http://www.springframework.org/schema/beans"
	xmlns:xsi="http://www.w3.org/2001/XMLSchema-instance"
	xmlns:context="http://www.springframework.org/schema/context"
	xmlns:tx="http://www.springframework.org/schema/tx"
	xsi:schemaLocation="http://www.springframework.org/schema/beans http://www.springframework.org/schema/beans/spring-beans.xsd
		http://www.springframework.org/schema/context http://www.springframework.org/schema/context/spring-context-3.2.xsd
		http://www.springframework.org/schema/tx http://www.springframework.org/schema/tx/spring-tx-3.2.xsd">
	
	<bean id="messageSource" class="org.springframework.context.support.ReloadableResourceBundleMessageSource">
		<property name="basename" value="classpath:/META-INF/i18n/messages"/>
		<property name="defaultEncoding" value="UTF-8"/>
	</bean>

	<!-- 커넥션풀 빈 등록 -->
	<bean id="dataSource" class="org.apache.commons.dbcp2.BasicDataSource">
		<property name="driverClassName" value="oracle.jdbc.OracleDriver" />
		<property name="url" value="jdbc:oracle:thin:@localhost:1521:xe" />
		<property name="username" value="hta" />
		<property name="password" value="zxcv1234" />
	</bean>
	
	<bean id="cp" class="org.springframework.jdbc.datasource.DriverManagerDataSource">
		<property name="driverClassName" value="oracle.jdbc.OracleDriver" />
		<property name="url" value="jdbc:oracle:thin:@192.168.10.252:1521:xe" />
		<property name="username" value="team1" />
		<property name="password" value="zxcv1234" />
	</bean>
	
	<!-- mybatis -->
	<bean id="sqlSessionFactory" class="org.mybatis.spring.SqlSessionFactoryBean">
		<property name="dataSource" ref="cp" />
		<property name="configLocation" value="classpath:/META-INF/mybatis/mybatis-config.xml" />
		<property name="mapperLocations">
			<array>
				<value>classpath:/META-INF/mybatis/mappers/book.xml</value>
			</array>
		</property>
	</bean>
	<bean class="org.mybatis.spring.mapper.MapperFactoryBean">
		<property name="sqlSessionFactory" ref="sqlSessionFactory" />
		<property name="mapperInterface" value="kr.co.hta.board.dao.BookDao" />
	</bean>
	
	<!-- jdbc 간편기능이 구현된 jdbcTemplate 빈 등록 -->
	<bean class="org.springframework.jdbc.core.JdbcTemplate">
		<property name="dataSource" ref="dataSource" />
	</bean>
	
	<!-- SqlMapClient 빈 등록 -->
	<bean id="sqlMapClient" class="org.springframework.orm.ibatis.SqlMapClientFactoryBean">
		<property name="dataSource" ref="dataSource" />
		<property name="configLocation" value="classpath:/META-INF/ibatis/SqlMapConfig.xml" />
	</bean>
	
	<!-- SqlMapclient의 Wrapper인 SqlMapClientTemplate 빈 등록 -->
	<bean class="org.springframework.orm.ibatis.SqlMapClientTemplate">
		<property name="sqlMapClient" ref="sqlMapClient" />
	</bean>
	
	<context:annotation-config/>
	<context:component-scan base-package="kr.co.hta.board.dao,kr.co.hta.board.service" />
	
	<bean id="txManager" class="org.springframework.jdbc.datasource.DataSourceTransactionManager">
		<property name="dataSource" ref="dataSource" />
	</bean>
	
	<tx:annotation-driven transaction-manager="txManager" />
</beans>
